Running: fuse.exe -relaunch -intstyle "ise" -incremental -o "C:/Users/TOSHIBA/Desktop/Final Code/Decryption/decryption/key_test_isim_beh.exe" -prj "C:/Users/TOSHIBA/Desktop/Final Code/Decryption/decryption/key_test_beh.prj" "work.key_test" 
ISim P.68d (signature 0x7708f090)
Number of CPUs detected in this system: 4
Turning on mult-threading, number of parallel sub-compilation jobs: 8 
Determining compilation order of HDL files
Parsing VHDL file "C:/Users/TOSHIBA/Desktop/Final Code/Decryption/decryption/decrypt.vhd" into library work
Parsing VHDL file "C:/Users/TOSHIBA/Desktop/Final Code/Decryption/decryption/key_test.vhd" into library work
Starting static elaboration
Completed static elaboration
Compiling package standard
Compiling package std_logic_1164
Compiling package numeric_std
Compiling package multidimentionalarray
Compiling architecture behavioral of entity decrypt [decrypt_default]
Compiling architecture behavior of entity key_test
Time Resolution for simulation is 1ps.
Waiting for 1 sub-compilation(s) to finish...
Compiled 7 VHDL Units
Built simulation executable C:/Users/TOSHIBA/Desktop/Final Code/Decryption/decryption/key_test_isim_beh.exe
Fuse Memory Usage: 41820 KB
Fuse CPU Usage: 1812 ms
