Running: C:\Xilinx\14.6\ISE_DS\ISE\bin\nt64\unwrapped\fuse.exe -intstyle ise -incremental -o C:/Users/TOSHIBA/Desktop/Final Code/Encryption/encryption/encrypt_test_isim_beh.exe -prj C:/Users/TOSHIBA/Desktop/Final Code/Encryption/encryption/encrypt_test_beh.prj work.encrypt_test 
ISim P.68d (signature 0x7708f090)
Number of CPUs detected in this system: 4
Turning on mult-threading, number of parallel sub-compilation jobs: 8 
Determining compilation order of HDL files
Parsing VHDL file "C:/Users/TOSHIBA/Desktop/Final Code/Encryption/encryption/encrypt.vhd" into library work
Parsing VHDL file "C:/Users/TOSHIBA/Desktop/Final Code/Encryption/encryption/encrypt_test.vhd" into library work
Starting static elaboration
Completed static elaboration
Compiling package standard
Compiling package std_logic_1164
Compiling package numeric_std
Compiling package multidimentionalarray
Compiling architecture behavioral of entity encrypt [encrypt_default]
Compiling architecture behavior of entity encrypt_test
Time Resolution for simulation is 1ps.
Waiting for 1 sub-compilation(s) to finish...
Compiled 7 VHDL Units
Built simulation executable C:/Users/TOSHIBA/Desktop/Final Code/Encryption/encryption/encrypt_test_isim_beh.exe
Fuse Memory Usage: 39868 KB
Fuse CPU Usage: 1609 ms
